
Showing logs for build [32mcb-kubecd-environment-pr-170-12-b8j67-1[0m stage [32mfrom-build-pack[0m and container [32mstep-credential-initializer-b7fjg[0m
{"level":"warn","ts":1583174483.963379,"logger":"fallback-logger","caller":"logging/config.go:69","msg":"Fetch GitHub commit ID from kodata failed: \"ref: refs/heads/0.8.0-**-support-backwards-incompats\" is not a valid GitHub commit ID"}
{"level":"info","ts":1583174483.964563,"logger":"fallback-logger","caller":"creds-init/main.go:40","msg":"Credentials initialized."}

Showing logs for build [32mcb-kubecd-environment-pr-170-12-b8j67-1[0m stage [32mfrom-build-pack[0m and container [32mstep-working-dir-initializer-59qvn[0m
{"level":"warn","ts":1583174484.956969,"logger":"fallback-logger","caller":"logging/config.go:69","msg":"Fetch GitHub commit ID from kodata failed: open /var/run/ko/HEAD: no such file or directory"}
{"level":"info","ts":1583174484.9583676,"logger":"fallback-logger","caller":"bash/main.go:64","msg":"Successfully executed command \"sh -c mkdir -p /workspace/source\"; output "}

Showing logs for build [32mcb-kubecd-environment-pr-170-12-b8j67-1[0m stage [32mfrom-build-pack[0m and container [32mstep-place-tools[0m

Showing logs for build [32mcb-kubecd-environment-pr-170-12-b8j67-1[0m stage [32mfrom-build-pack[0m and container [32mstep-git-source-cb-kubecd-environment-pr-170-12-b8j67-gjd66[0m
{"level":"warn","ts":1583174488.9849648,"logger":"fallback-logger","caller":"logging/config.go:69","msg":"Fetch GitHub commit ID from kodata failed: \"ref: refs/heads/0.8.0-**-support-backwards-incompats\" is not a valid GitHub commit ID"}
{"level":"info","ts":1583174490.0505123,"logger":"fallback-logger","caller":"git/git.go:103","msg":"Successfully cloned https://github.com/cb-kubecd/environment-pr-170-129-boot-gke-production.git @ master in path /workspace/source"}

Showing logs for build [32mcb-kubecd-environment-pr-170-12-b8j67-1[0m stage [32mfrom-build-pack[0m and container [32mstep-git-merge[0m
Using SHAs from PULL_REFS=master:e8387e1bab066594941a877f7d5550a2bfcc13b2,1:b58a6c0d1abfbbffd4a4cf710147e7b0b7f65ecc
DEBUG: LC_ALL=C JX_LOG_LEVEL=error git fetch origin --unshallow b58a6c0d1abfbbffd4a4cf710147e7b0b7f65ecc: e8387e1bab066594941a877f7d5550a2bfcc13b2:
DEBUG: ran git fetch --unshallow origin b58a6c0d1abfbbffd4a4cf710147e7b0b7f65ecc: e8387e1bab066594941a877f7d5550a2bfcc13b2: in 
DEBUG: LC_ALL=C JX_LOG_LEVEL=error git branch
DEBUG: LC_ALL=C JX_LOG_LEVEL=error git checkout master
DEBUG: ran git checkout master in 
DEBUG: LC_ALL=C JX_LOG_LEVEL=error git reset --hard e8387e1bab066594941a877f7d5550a2bfcc13b2
DEBUG: ran git reset --hard e8387e1bab066594941a877f7d5550a2bfcc13b2 in 
DEBUG: LC_ALL=C JX_LOG_LEVEL=error git clean -fd .
DEBUG: ran clean --force -d . in 
DEBUG: LC_ALL=C JX_LOG_LEVEL=error git merge b58a6c0d1abfbbffd4a4cf710147e7b0b7f65ecc
DEBUG: ran git merge b58a6c0d1abfbbffd4a4cf710147e7b0b7f65ecc in 
DEBUG: JX_LOG_LEVEL=error LC_ALL=C git log --format=%H%x1f%an%x1f%ae%x1f%cn%x1f%ce%x1f%s%n%b%x1e e8387e1bab066594941a877f7d5550a2bfcc13b2..HEAD
Merged SHA b58a6c0d1abfbbffd4a4cf710147e7b0b7f65ecc with commit message 'chore: Promote bdd-spring-1583173497 to version 0.0.1' into base branch master

Showing logs for build [32mcb-kubecd-environment-pr-170-12-b8j67-1[0m stage [32mfrom-build-pack[0m and container [32mstep-build-helm-build[0m
WARNING: No $CHART_REPOSITORY defined so using the default value of: http://jenkins-x-chartmuseum:8080
Adding missing Helm repo: storage.googleapis.com https://storage.googleapis.com/chartmuseum.jenkins-x.io
WARNING: No secrets found on "helm/repos" due: reading the secret "helm/repos" from vault: no secret "helm/repos" not found in vault
Read credentials for https://storage.googleapis.com/chartmuseum.jenkins-x.io from vault helm/repos
Successfully added Helm repository storage.googleapis.com.
Adding missing Helm repo: jenkins-x-chartmuseum http://jenkins-x-chartmuseum:8080
WARNING: No secrets found on "helm/repos" due: reading the secret "helm/repos" from vault: no secret "helm/repos" not found in vault
Read credentials for http://jenkins-x-chartmuseum:8080 from vault helm/repos
Successfully added Helm repository jenkins-x-chartmuseum.
WARNING: No $CHART_REPOSITORY defined so using the default value of: http://jenkins-x-chartmuseum:8080
Adding missing Helm repo: chartmuseum.jenkins-x.io http://chartmuseum.jenkins-x.io
WARNING: No secrets found on "helm/repos" due: reading the secret "helm/repos" from vault: no secret "helm/repos" not found in vault
Read credentials for http://chartmuseum.jenkins-x.io from vault helm/repos
Successfully added Helm repository chartmuseum.jenkins-x.io.
